<?xml version="1.0" encoding="UTF-8"?>
<testsuite xmlns:xsi="http://www.w3.org/2001/XMLSchema-instance" xsi:noNamespaceSchemaLocation="https://maven.apache.org/surefire/maven-surefire-plugin/xsd/surefire-test-report-3.0.xsd" version="3.0" name="com.DINESH.CDNService.CdnServiceApplicationTests" time="15.071" tests="1" errors="0" skipped="0" failures="0">
  <properties>
[...]
</properties>
  <testcase name="contextLoads" classname="com.DINESH.CDNService.CdnServiceApplicationTests" time="1.803">
    <system-out><![CDATA[15:01:48,245 |-INFO in ch.qos.logback.classic.LoggerContext[default] - This is logback-classic version 1.5.7
15:01:48,254 |-INFO in ch.qos.logback.classic.util.ContextInitializer@3d246ea3 - Here is a list of configurators discovered as a service, by rank: 
15:01:48,254 |-INFO in ch.qos.logback.classic.util.ContextInitializer@3d246ea3 -   org.springframework.boot.logging.logback.RootLogLevelConfigurator
15:01:48,254 |-INFO in ch.qos.logback.classic.util.ContextInitializer@3d246ea3 - They will be invoked in order until ExecutionStatus.DO_NOT_INVOKE_NEXT_IF_ANY is returned.
15:01:48,254 |-INFO in ch.qos.logback.classic.util.ContextInitializer@3d246ea3 - Constructed configurator of type class org.springframework.boot.logging.logback.RootLogLevelConfigurator
15:01:48,270 |-INFO in ch.qos.logback.classic.util.ContextInitializer@3d246ea3 - org.springframework.boot.logging.logback.RootLogLevelConfigurator.configure() call lasted 1 milliseconds. ExecutionStatus=INVOKE_NEXT_IF_ANY
15:01:48,270 |-INFO in ch.qos.logback.classic.util.ContextInitializer@3d246ea3 - Trying to configure with ch.qos.logback.classic.joran.SerializedModelConfigurator
15:01:48,271 |-INFO in ch.qos.logback.classic.util.ContextInitializer@3d246ea3 - Constructed configurator of type class ch.qos.logback.classic.joran.SerializedModelConfigurator
15:01:48,275 |-INFO in ch.qos.logback.classic.LoggerContext[default] - Could NOT find resource [logback-test.scmo]
15:01:48,275 |-INFO in ch.qos.logback.classic.LoggerContext[default] - Could NOT find resource [logback.scmo]
15:01:48,275 |-INFO in ch.qos.logback.classic.util.ContextInitializer@3d246ea3 - ch.qos.logback.classic.joran.SerializedModelConfigurator.configure() call lasted 4 milliseconds. ExecutionStatus=INVOKE_NEXT_IF_ANY
15:01:48,275 |-INFO in ch.qos.logback.classic.util.ContextInitializer@3d246ea3 - Trying to configure with ch.qos.logback.classic.util.DefaultJoranConfigurator
15:01:48,276 |-INFO in ch.qos.logback.classic.util.ContextInitializer@3d246ea3 - Constructed configurator of type class ch.qos.logback.classic.util.DefaultJoranConfigurator
15:01:48,276 |-INFO in ch.qos.logback.classic.LoggerContext[default] - Could NOT find resource [logback-test.xml]
15:01:48,281 |-INFO in ch.qos.logback.classic.LoggerContext[default] - Found resource [logback.xml] at [file:/C:/Users/intern2/Documents/DINESH-DEMO-WORKSHOP/Devlopment/MICROSERVICE/CDN-Service/target/classes/logback.xml]
15:01:48,632 |-WARN in ch.qos.logback.core.model.processor.IncludeModelHandler - Could not find resource corresponding to [org/springframework/boot/logging/logback/default.xml]
15:01:48,635 |-INFO in ch.qos.logback.core.joran.util.ConfigurationWatchListUtil@341814d3 - Adding [jar:file:/C:/Users/intern2/.m2/repository/org/springframework/boot/spring-boot/3.3.3/spring-boot-3.3.3.jar!/org/springframework/boot/logging/logback/console-appender.xml] to configuration watch list.
15:01:48,635 |-INFO in ch.qos.logback.core.joran.spi.ConfigurationWatchList@4397ad89 - URL [jar:file:/C:/Users/intern2/.m2/repository/org/springframework/boot/spring-boot/3.3.3/spring-boot-3.3.3.jar!/org/springframework/boot/logging/logback/console-appender.xml] is not of type file
15:01:48,640 |-INFO in ch.qos.logback.core.model.processor.AppenderModelHandler - Processing appender named [CONSOLE]
15:01:48,640 |-INFO in ch.qos.logback.core.model.processor.AppenderModelHandler - About to instantiate appender of type [ch.qos.logback.core.ConsoleAppender]
15:01:48,661 |-INFO in ch.qos.logback.core.model.processor.ModelInterpretationContext@59cba5a - value "CONSOLE_LOG_THRESHOLD_IS_UNDEFINED" substituted for "${CONSOLE_LOG_THRESHOLD}"
15:01:48,666 |-INFO in ch.qos.logback.core.model.processor.ImplicitModelHandler - Assuming default type [ch.qos.logback.classic.encoder.PatternLayoutEncoder] for [encoder] property
15:01:48,667 |-INFO in ch.qos.logback.core.model.processor.ModelInterpretationContext@59cba5a - value "%d{yyyy-MM-dd HH:mm:ss.SSS} %-5level %thread %logger{36} : %msg%n" substituted for "${CONSOLE_LOG_PATTERN}"
15:01:48,668 |-INFO in ch.qos.logback.core.model.processor.ModelInterpretationContext@59cba5a - value "UTF-8" substituted for "${CONSOLE_LOG_CHARSET}"
15:01:48,703 |-INFO in ch.qos.logback.core.model.processor.AppenderModelHandler - Processing appender named [FILE]
15:01:48,703 |-INFO in ch.qos.logback.core.model.processor.AppenderModelHandler - About to instantiate appender of type [ch.qos.logback.core.rolling.RollingFileAppender]
15:01:48,707 |-INFO in ch.qos.logback.core.model.processor.ImplicitModelHandler - Assuming default type [ch.qos.logback.classic.encoder.PatternLayoutEncoder] for [encoder] property
15:01:48,708 |-INFO in ch.qos.logback.core.model.processor.ModelInterpretationContext@59cba5a - value "%d{yyyy-MM-dd HH:mm:ss.SSS} %-5level %thread %logger{36} : %msg%n" substituted for "${CONSOLE_LOG_PATTERN}"
15:01:48,708 |-INFO in ch.qos.logback.core.model.processor.ModelInterpretationContext@59cba5a - value "APPLICATIONLOGGES/LOGFILE.log" substituted for "${LOG_FILE}"
15:01:48,712 |-INFO in ch.qos.logback.core.model.processor.ModelInterpretationContext@59cba5a - value "APPLICATIONLOGGES/LOGFILE.log.%i" substituted for "${LOG_FILE}.%i"
15:01:48,712 |-WARN in ch.qos.logback.core.model.processor.ImplicitModelHandler - Ignoring unknown property [minInde] in [ch.qos.logback.core.rolling.FixedWindowRollingPolicy]
15:01:48,721 |-INFO in ch.qos.logback.core.rolling.FixedWindowRollingPolicy@1bd39d3c - No compression will be used
15:01:48,721 |-WARN in ch.qos.logback.core.rolling.FixedWindowRollingPolicy@1bd39d3c - Large window sizes are not allowed.
15:01:48,723 |-WARN in ch.qos.logback.core.rolling.FixedWindowRollingPolicy@1bd39d3c - MaxIndex reduced to 21
15:01:48,728 |-INFO in ch.qos.logback.core.rolling.RollingFileAppender[FILE] - Active log file name: APPLICATIONLOGGES/LOGFILE.log
15:01:48,728 |-INFO in ch.qos.logback.core.rolling.RollingFileAppender[FILE] - File property is set to [APPLICATIONLOGGES/LOGFILE.log]
15:01:48,729 |-INFO in ch.qos.logback.classic.model.processor.RootLoggerModelHandler - Setting level of ROOT logger to INFO
15:01:48,729 |-INFO in ch.qos.logback.core.model.processor.AppenderRefModelHandler - Attaching appender named [CONSOLE] to Logger[ROOT]
15:01:48,730 |-INFO in ch.qos.logback.core.model.processor.AppenderRefModelHandler - Attaching appender named [FILE] to Logger[ROOT]
15:01:48,731 |-INFO in ch.qos.logback.classic.model.processor.LoggerModelHandler - Setting level of logger [com.DINESH.CDNService] to DEBUG
15:01:48,731 |-INFO in ch.qos.logback.core.model.processor.DefaultProcessor@6f19ac19 - End of configuration.
15:01:48,732 |-INFO in ch.qos.logback.classic.joran.JoranConfigurator@119cbf96 - Registering current configuration as safe fallback point
15:01:48,732 |-INFO in ch.qos.logback.classic.util.ContextInitializer@3d246ea3 - ch.qos.logback.classic.util.DefaultJoranConfigurator.configure() call lasted 456 milliseconds. ExecutionStatus=DO_NOT_INVOKE_NEXT_IF_ANY

2024-09-09 15:01:48.953 INFO  main o.s.t.c.s.AnnotationConfigContextLoaderUtils : Could not detect default configuration classes for test class [com.DINESH.CDNService.CdnServiceApplicationTests]: CdnServiceApplicationTests does not declare any static, non-private, non-final, nested classes annotated with @Configuration.
2024-09-09 15:01:49.320 INFO  main o.s.b.t.c.SpringBootTestContextBootstrapper : Found @SpringBootConfiguration com.DINESH.CDNService.CdnServiceApplication for test class com.DINESH.CDNService.CdnServiceApplicationTests
15:01:54,357 |-WARN in ch.qos.logback.core.model.processor.IncludeModelHandler - Could not find resource corresponding to [org/springframework/boot/logging/logback/default.xml]
15:01:54,357 |-INFO in ch.qos.logback.core.joran.util.ConfigurationWatchListUtil@341814d3 - Adding [jar:file:/C:/Users/intern2/.m2/repository/org/springframework/boot/spring-boot/3.3.3/spring-boot-3.3.3.jar!/org/springframework/boot/logging/logback/console-appender.xml] to configuration watch list.
15:01:54,357 |-INFO in ch.qos.logback.core.joran.spi.ConfigurationWatchList@2e32fc22 - URL [jar:file:/C:/Users/intern2/.m2/repository/org/springframework/boot/spring-boot/3.3.3/spring-boot-3.3.3.jar!/org/springframework/boot/logging/logback/console-appender.xml] is not of type file
15:01:54,360 |-INFO in ch.qos.logback.core.model.processor.AppenderModelHandler - Processing appender named [CONSOLE]
15:01:54,360 |-INFO in ch.qos.logback.core.model.processor.AppenderModelHandler - About to instantiate appender of type [ch.qos.logback.core.ConsoleAppender]
15:01:54,361 |-INFO in ch.qos.logback.core.model.processor.ModelInterpretationContext@3f5156a6 - value "CONSOLE_LOG_THRESHOLD_IS_UNDEFINED" substituted for "${CONSOLE_LOG_THRESHOLD}"
15:01:54,361 |-INFO in ch.qos.logback.core.model.processor.ImplicitModelHandler - Assuming default type [ch.qos.logback.classic.encoder.PatternLayoutEncoder] for [encoder] property
15:01:54,361 |-INFO in ch.qos.logback.core.model.processor.ModelInterpretationContext@3f5156a6 - value "%d{yyyy-MM-dd HH:mm:ss.SSS} %-5level %thread %logger{36} : %msg%n" substituted for "${CONSOLE_LOG_PATTERN}"
15:01:54,361 |-INFO in ch.qos.logback.core.model.processor.ModelInterpretationContext@3f5156a6 - value "UTF-8" substituted for "${CONSOLE_LOG_CHARSET}"
15:01:54,362 |-INFO in ch.qos.logback.core.model.processor.AppenderModelHandler - Processing appender named [FILE]
15:01:54,362 |-INFO in ch.qos.logback.core.model.processor.AppenderModelHandler - About to instantiate appender of type [ch.qos.logback.core.rolling.RollingFileAppender]
15:01:54,362 |-INFO in ch.qos.logback.core.model.processor.ImplicitModelHandler - Assuming default type [ch.qos.logback.classic.encoder.PatternLayoutEncoder] for [encoder] property
15:01:54,362 |-INFO in ch.qos.logback.core.model.processor.ModelInterpretationContext@3f5156a6 - value "%d{yyyy-MM-dd HH:mm:ss.SSS} %-5level %thread %logger{36} : %msg%n" substituted for "${CONSOLE_LOG_PATTERN}"
15:01:54,362 |-INFO in ch.qos.logback.core.model.processor.ModelInterpretationContext@3f5156a6 - value "APPLICATIONLOGGES/LOGFILE.log" substituted for "${LOG_FILE}"
15:01:54,363 |-INFO in ch.qos.logback.core.model.processor.ModelInterpretationContext@3f5156a6 - value "APPLICATIONLOGGES/LOGFILE.log.%i" substituted for "${LOG_FILE}.%i"
15:01:54,363 |-WARN in ch.qos.logback.core.model.processor.ImplicitModelHandler - Ignoring unknown property [minInde] in [ch.qos.logback.core.rolling.FixedWindowRollingPolicy]
15:01:54,363 |-INFO in ch.qos.logback.core.rolling.FixedWindowRollingPolicy@72bdd7c7 - No compression will be used
15:01:54,363 |-WARN in ch.qos.logback.core.rolling.FixedWindowRollingPolicy@72bdd7c7 - Large window sizes are not allowed.
15:01:54,363 |-WARN in ch.qos.logback.core.rolling.FixedWindowRollingPolicy@72bdd7c7 - MaxIndex reduced to 21
15:01:54,363 |-INFO in ch.qos.logback.core.rolling.RollingFileAppender[FILE] - Active log file name: APPLICATIONLOGGES/LOGFILE.log
15:01:54,363 |-INFO in ch.qos.logback.core.rolling.RollingFileAppender[FILE] - File property is set to [APPLICATIONLOGGES/LOGFILE.log]
15:01:54,363 |-INFO in ch.qos.logback.classic.model.processor.RootLoggerModelHandler - Setting level of ROOT logger to INFO
15:01:54,364 |-INFO in ch.qos.logback.classic.jul.LevelChangePropagator@7d17ee50 - Propagating INFO level on Logger[ROOT] onto the JUL framework
15:01:54,364 |-INFO in ch.qos.logback.core.model.processor.AppenderRefModelHandler - Attaching appender named [CONSOLE] to Logger[ROOT]
15:01:54,364 |-INFO in ch.qos.logback.core.model.processor.AppenderRefModelHandler - Attaching appender named [FILE] to Logger[ROOT]
15:01:54,364 |-INFO in ch.qos.logback.classic.model.processor.LoggerModelHandler - Setting level of logger [com.DINESH.CDNService] to DEBUG
15:01:54,364 |-INFO in ch.qos.logback.classic.jul.LevelChangePropagator@7d17ee50 - Propagating DEBUG level on Logger[com.DINESH.CDNService] onto the JUL framework
15:01:54,364 |-INFO in ch.qos.logback.core.model.processor.DefaultProcessor@44fdce3c - End of configuration.
15:01:54,364 |-INFO in org.springframework.boot.logging.logback.SpringBootJoranConfigurator@712c5463 - Registering current configuration as safe fallback point


  .   ____          _            __ _ _
 /\\ / ___'_ __ _ _(_)_ __  __ _ \ \ \ \
( ( )\___ | '_ | '_| | '_ \/ _` | \ \ \ \
 \\/  ___)| |_)| | | | | || (_| |  ) ) ) )
  '  |____| .__|_| |_|_| |_\__, | / / / /
 =========|_|==============|___/=/_/_/_/

 :: Spring Boot ::                (v3.3.3)

2024-09-09 15:01:54.632 INFO  main c.D.C.CdnServiceApplicationTests : Starting CdnServiceApplicationTests using Java 22.0.1 with PID 15196 (started by intern2 in C:\Users\intern2\Documents\DINESH-DEMO-WORKSHOP\Devlopment\MICROSERVICE\CDN-Service)
2024-09-09 15:01:54.634 DEBUG main c.D.C.CdnServiceApplicationTests : Running with Spring Boot v3.3.3, Spring v6.1.12
2024-09-09 15:01:54.638 INFO  main c.D.C.CdnServiceApplicationTests : The following 6 profiles are active: "common", "prod_eureka", "common_log", "prod_port", "common_cdnservice", "prod_cdnservice"
2024-09-09 15:01:54.731 INFO  main o.s.c.c.c.ConfigServerConfigDataLoader : Fetching config from server at : https://servicemaintainer-2dxj.onrender.com
2024-09-09 15:01:54.731 INFO  main o.s.c.c.c.ConfigServerConfigDataLoader : Located environment: name=application, profiles=[default], label=WhiteKite, version=55edf1dbb2588db139f74204a7195d775be726bf, state=null
2024-09-09 15:01:54.732 INFO  main o.s.c.c.c.ConfigServerConfigDataLoader : Fetching config from server at : https://servicemaintainer-2dxj.onrender.com
2024-09-09 15:01:54.732 INFO  main o.s.c.c.c.ConfigServerConfigDataLoader : Located environment: name=application, profiles=[common,prod_eureka,common_log,prod_port,common_cdnservice,prod_cdnservice], label=WhiteKite, version=55edf1dbb2588db139f74204a7195d775be726bf, state=null
2024-09-09 15:01:57.290 INFO  main o.s.cloud.context.scope.GenericScope : BeanFactory id=109dc3cc-ba70-3b10-9e86-918a80ac5dbe
2024-09-09 15:01:57.451 WARN  main o.s.c.s.PostProcessorRegistrationDelegate$BeanPostProcessorChecker : Bean 'org.springframework.cloud.client.loadbalancer.LoadBalancerAutoConfiguration$DeferringLoadBalancerInterceptorConfig' of type [org.springframework.cloud.client.loadbalancer.LoadBalancerAutoConfiguration$DeferringLoadBalancerInterceptorConfig] is not eligible for getting processed by all BeanPostProcessors (for example: not eligible for auto-proxying). The currently created BeanPostProcessor [lbRestClientPostProcessor] is declared through a non-static factory method on that class; consider declaring it as static instead.
2024-09-09 15:01:57.456 WARN  main o.s.c.s.PostProcessorRegistrationDelegate$BeanPostProcessorChecker : Bean 'deferringLoadBalancerInterceptor' of type [org.springframework.cloud.client.loadbalancer.DeferringLoadBalancerInterceptor] is not eligible for getting processed by all BeanPostProcessors (for example: not eligible for auto-proxying). Is this bean getting eagerly injected into a currently created BeanPostProcessor [lbRestClientPostProcessor]? Check the corresponding BeanPostProcessor declaration and its dependencies.
2024-09-09 15:02:00.131 INFO  main o.s.c.n.e.c.DiscoveryClientOptionalArgsConfiguration : Eureka HTTP Client uses RestTemplate.
2024-09-09 15:02:00.211 WARN  main o.s.c.l.c.LoadBalancerCacheAutoConfiguration$LoadBalancerCaffeineWarnLogger : Spring Cloud LoadBalancer is currently working with the default cache. While this cache implementation is useful for development and tests, it's recommended to use Caffeine cache in production.You can switch to using Caffeine cache, by adding it and org.springframework.cache.caffeine.CaffeineCacheManager to the classpath.
2024-09-09 15:02:00.232 INFO  main o.s.b.a.e.web.EndpointLinksResolver : Exposing 17 endpoints beneath base path '/actuator'
2024-09-09 15:02:00.339 INFO  main o.s.c.n.eureka.InstanceInfoFactory : Setting initial instance status as: STARTING
2024-09-09 15:02:00.386 INFO  main c.netflix.discovery.DiscoveryClient : Initializing Eureka in region us-east-1
2024-09-09 15:02:00.397 INFO  main c.n.d.s.r.aws.ConfigClusterResolver : Resolving eureka endpoints via configuration
2024-09-09 15:02:00.415 INFO  main c.netflix.discovery.DiscoveryClient : Disable delta property : false
2024-09-09 15:02:00.415 INFO  main c.netflix.discovery.DiscoveryClient : Single vip registry refresh property : null
2024-09-09 15:02:00.415 INFO  main c.netflix.discovery.DiscoveryClient : Force full registry fetch : false
2024-09-09 15:02:00.415 INFO  main c.netflix.discovery.DiscoveryClient : Application is null : false
2024-09-09 15:02:00.415 INFO  main c.netflix.discovery.DiscoveryClient : Registered Applications size is zero : true
2024-09-09 15:02:00.416 INFO  main c.netflix.discovery.DiscoveryClient : Application version is -1: true
2024-09-09 15:02:00.416 INFO  main c.netflix.discovery.DiscoveryClient : Getting all instance registry info from the eureka server
2024-09-09 15:02:01.052 INFO  main c.netflix.discovery.DiscoveryClient : The response status is 200
2024-09-09 15:02:01.055 INFO  main c.netflix.discovery.DiscoveryClient : Starting heartbeat executor: renew interval is: 30
2024-09-09 15:02:01.060 INFO  main c.n.discovery.InstanceInfoReplicator : InstanceInfoReplicator onDemand update allowed rate per min is 4
2024-09-09 15:02:01.063 INFO  main c.netflix.discovery.DiscoveryClient : Discovery Client initialized at timestamp 1725874321062 with initial instances count: 2
2024-09-09 15:02:01.068 INFO  main o.s.c.n.e.s.EurekaServiceRegistry : Registering application CDN-SERVICE with eureka with status UP
2024-09-09 15:02:01.069 INFO  main c.netflix.discovery.DiscoveryClient : Saw local status change event StatusChangeEvent [timestamp=1725874321069, current=UP, previous=STARTING]
2024-09-09 15:02:01.071 INFO  DiscoveryClient-InstanceInfoReplicator-%d c.netflix.discovery.DiscoveryClient : DiscoveryClient_CDN-SERVICE/host.docker.internal:cdn-service:80: registering service...
2024-09-09 15:02:01.106 INFO  main c.D.C.CdnServiceApplicationTests : Started CdnServiceApplicationTests in 11.517 seconds (process running for 14.179)
2024-09-09 15:02:01.243 INFO  DiscoveryClient-InstanceInfoReplicator-%d c.netflix.discovery.DiscoveryClient : DiscoveryClient_CDN-SERVICE/host.docker.internal:cdn-service:80 - registration status: 204
]]></system-out>
    <system-err><![CDATA[WARNING: A Java agent has been loaded dynamically (C:\Users\intern2\.m2\repository\net\bytebuddy\byte-buddy-agent\1.14.19\byte-buddy-agent-1.14.19.jar)
WARNING: If a serviceability tool is in use, please run with -XX:+EnableDynamicAgentLoading to hide this warning
WARNING: If a serviceability tool is not in use, please run with -Djdk.instrument.traceUsage for more information
WARNING: Dynamic loading of agents will be disallowed by default in a future release
]]></system-err>
  </testcase>
</testsuite>